Using pre-set license
Built from '2020.2/staging' branch; Version is '2020.2.6f1 (8a2143876886) revision 9052483'; Using compiler version '192528614'; Build Type 'Release'
OS: 'Windows 10 Enterprise LTSC 2019; OS build 17763.2114; Version 1809; 64bit' Language: 'ru' Physical Memory: 7971 MB
BatchMode: 1, IsHumanControllingUs: 0, StartBugReporterOnCrash: 0, Is64bit: 1, IsPro: 0

 COMMAND LINE ARGUMENTS:
C:\Program Files\Unity\Hub\Editor\2020.2.6f1\Editor\Unity.exe
-adb2
-batchMode
-noUpm
-name
AssetImportWorker0
-projectPath
C:/Users/user.DESKTOP-ALSPCHJ/Desktop/Программирование/Aurora
-logFile
Logs/AssetImportWorker0.log
-srvPort
64014
Successfully changed project path to: C:/Users/user.DESKTOP-ALSPCHJ/Desktop/Программирование/Aurora
C:/Users/user.DESKTOP-ALSPCHJ/Desktop/Программирование/Aurora
Using Asset Import Pipeline V2.
Refreshing native plugins compatible for Editor in 21.54 ms, found 0 plugins.
Preloading 0 native plugins for Editor in 0.00 ms.
Initialize engine version: 2020.2.6f1 (8a2143876886)
[Subsystems] Discovering subsystems at path C:/Program Files/Unity/Hub/Editor/2020.2.6f1/Editor/Data/Resources/UnitySubsystems
[Subsystems] Discovering subsystems at path C:/Users/user.DESKTOP-ALSPCHJ/Desktop/Программирование/Aurora/Assets
GfxDevice: creating device client; threaded=0
Direct3D:
    Version:  Direct3D 11.0 [level 11.1]
    Renderer: Intel(R) UHD Graphics 630 (ID=0x3e92)
    Vendor:   
    VRAM:     3985 MB
    Driver:   27.20.100.8190
Initialize mono
Mono path[0] = 'C:/Program Files/Unity/Hub/Editor/2020.2.6f1/Editor/Data/Managed'
Mono path[1] = 'C:/Program Files/Unity/Hub/Editor/2020.2.6f1/Editor/Data/MonoBleedingEdge/lib/mono/unityjit'
Mono config path = 'C:/Program Files/Unity/Hub/Editor/2020.2.6f1/Editor/Data/MonoBleedingEdge/etc'
Using monoOptions --debugger-agent=transport=dt_socket,embedding=1,server=y,suspend=n,address=127.0.0.1:56248
Begin MonoManager ReloadAssembly
Registering precompiled unity dll's ...
Register platform support module: C:/Program Files/Unity/Hub/Editor/2020.2.6f1/Editor/Data/PlaybackEngines/WindowsStandaloneSupport/UnityEditor.WindowsStandalone.Extensions.dll
Registered in 0.001684 seconds.
Native extension for WindowsStandalone target not found
Refreshing native plugins compatible for Editor in 21.02 ms, found 0 plugins.
Preloading 0 native plugins for Editor in 0.00 ms.
Invoked RoslynAnalysisRunner static constructor.
RoslynAnalysisRunner will not be running.
RoslynAnalysisRunner has terminated.
Mono: successfully reloaded assembly
- Completed reload, in  1.033 seconds
Platform modules already initialized, skipping
Registering precompiled user dll's ...
Registered in 0.000641 seconds.
Begin MonoManager ReloadAssembly
Native extension for WindowsStandalone target not found
Refreshing native plugins compatible for Editor in 0.26 ms, found 0 plugins.
Preloading 0 native plugins for Editor in 0.00 ms.
Invoked RoslynAnalysisRunner static constructor.
RoslynAnalysisRunner will not be running.
RoslynAnalysisRunner has terminated.
Mono: successfully reloaded assembly
- Completed reload, in  0.720 seconds
Platform modules already initialized, skipping
========================================================================
Worker process is ready to serve import requests
Launched and connected shader compiler UnityShaderCompiler.exe after 0.05 seconds
Refreshing native plugins compatible for Editor in 0.18 ms, found 0 plugins.
Preloading 0 native plugins for Editor in 0.00 ms.
Unloading 1103 Unused Serialized files (Serialized files now loaded: 0)
System memory in use before: 57.0 MB.
System memory in use after: 57.1 MB.

Unloading 10 unused Assets to reduce memory usage. Loaded Objects now: 1544.
Total: 1.491900 ms (FindLiveObjects: 0.105600 ms CreateObjectMapping: 0.027500 ms MarkObjects: 1.284800 ms  DeleteObjects: 0.072900 ms)

========================================================================
Received Import Request.
  path: Assets/Project Files/New Folder
  artifactKey: Guid(a41e692516a490f40bb1c5145a65bfef) Importer(815301076,1909f56bfc062723c751e8b465ee728b)
Start importing Assets/Project Files/New Folder using Guid(a41e692516a490f40bb1c5145a65bfef) Importer(815301076,1909f56bfc062723c751e8b465ee728b)  -> (artifact id: '2ad77f3d535086dafdc0df5e31ce5df9') in 0.003731 seconds
  Import took 0.019227 seconds .

========================================================================
Received Import Request.
  Time since last request: 12.489579 seconds.
  path: Assets/Project Files/Materials
  artifactKey: Guid(a41e692516a490f40bb1c5145a65bfef) Importer(815301076,1909f56bfc062723c751e8b465ee728b)
Start importing Assets/Project Files/Materials using Guid(a41e692516a490f40bb1c5145a65bfef) Importer(815301076,1909f56bfc062723c751e8b465ee728b)  -> (artifact id: '7d9231a2f1feeb2726bf3372302d9cc6') in 0.006979 seconds
  Import took 0.023276 seconds .

========================================================================
Received Import Request.
  Time since last request: 37.047255 seconds.
  path: Assets/Project Files/Materials/PlateMaterial.mat
  artifactKey: Guid(de2e544adc69531439f293f3b97cfbf2) Importer(815301076,1909f56bfc062723c751e8b465ee728b)
Start importing Assets/Project Files/Materials/PlateMaterial.mat using Guid(de2e544adc69531439f293f3b97cfbf2) Importer(815301076,1909f56bfc062723c751e8b465ee728b)  -> (artifact id: '5a86744898193f96951d532247ca3e3c') in 0.468921 seconds
  Import took 0.477131 seconds .

========================================================================
Received Import Request.
  Time since last request: 194.526471 seconds.
  path: Assets/Project Files/Scenes
  artifactKey: Guid(cf3ede28d00ab1140b914c3f8a41e8e1) Importer(815301076,1909f56bfc062723c751e8b465ee728b)
Start importing Assets/Project Files/Scenes using Guid(cf3ede28d00ab1140b914c3f8a41e8e1) Importer(815301076,1909f56bfc062723c751e8b465ee728b)  -> (artifact id: 'ad83bb831101882f544bff567afcebde') in 0.003649 seconds
  Import took 0.049801 seconds .

========================================================================
Received Import Request.
  Time since last request: 423.803823 seconds.
  path: Assets/Project Files/Materials/New Material.mat
  artifactKey: Guid(d5d6211331a918d41b6555bcb0f6c9a8) Importer(815301076,1909f56bfc062723c751e8b465ee728b)
Start importing Assets/Project Files/Materials/New Material.mat using Guid(d5d6211331a918d41b6555bcb0f6c9a8) Importer(815301076,1909f56bfc062723c751e8b465ee728b)  -> (artifact id: 'c3e9bd79ee7a4e5b23eab15b7855f341') in 0.085358 seconds
  Import took 0.089873 seconds .

========================================================================
Received Import Request.
  Time since last request: 151.473026 seconds.
  path: Assets/Project Files/Materials/PlateMaterial.mat
  artifactKey: Guid(de2e544adc69531439f293f3b97cfbf2) Importer(815301076,1909f56bfc062723c751e8b465ee728b)
Start importing Assets/Project Files/Materials/PlateMaterial.mat using Guid(de2e544adc69531439f293f3b97cfbf2) Importer(815301076,1909f56bfc062723c751e8b465ee728b)  -> (artifact id: 'b7f192ef5218da504beb5b5f57b0ab79') in 0.008857 seconds
  Import took 0.064728 seconds .

========================================================================
Received Import Request.
  Time since last request: 0.000282 seconds.
  path: Assets/Project Files/Materials/PlayerMaterial.mat
  artifactKey: Guid(d5d6211331a918d41b6555bcb0f6c9a8) Importer(815301076,1909f56bfc062723c751e8b465ee728b)
Start importing Assets/Project Files/Materials/PlayerMaterial.mat using Guid(d5d6211331a918d41b6555bcb0f6c9a8) Importer(815301076,1909f56bfc062723c751e8b465ee728b)  -> (artifact id: 'f692d5eab3ce5afc739404a46e4ee6c2') in 0.017852 seconds
  Import took 0.030260 seconds .

========================================================================
Received Import Request.
  Time since last request: 19.246494 seconds.
  path: Assets/Project Files/Scripts
  artifactKey: Guid(feea3fc755b44964dbf622b59f4bd5c7) Importer(815301076,1909f56bfc062723c751e8b465ee728b)
Start importing Assets/Project Files/Scripts using Guid(feea3fc755b44964dbf622b59f4bd5c7) Importer(815301076,1909f56bfc062723c751e8b465ee728b)  -> (artifact id: '27024f0e99e414ddaab4662bacd83b45') in 0.003257 seconds
  Import took 0.009489 seconds .

========================================================================
Received Import Request.
  Time since last request: 28.204705 seconds.
  path: Assets/Project Files/Scripts/MainPlayerControler.cs
  artifactKey: Guid(604322804223cb44387195d2f8ff1197) Importer(815301076,1909f56bfc062723c751e8b465ee728b)
Start importing Assets/Project Files/Scripts/MainPlayerControler.cs using Guid(604322804223cb44387195d2f8ff1197) Importer(815301076,1909f56bfc062723c751e8b465ee728b)  -> (artifact id: '85389cf495e06256a1dad3075f6cce97') in 0.005503 seconds
  Import took 0.007881 seconds .

========================================================================
Received Prepare
Registering precompiled user dll's ...
Registered in 0.000690 seconds.
Begin MonoManager ReloadAssembly
Native extension for WindowsStandalone target not found
Refreshing native plugins compatible for Editor in 0.22 ms, found 0 plugins.
Preloading 0 native plugins for Editor in 0.00 ms.
Invoked RoslynAnalysisRunner static constructor.
RoslynAnalysisRunner will not be running.
RoslynAnalysisRunner has terminated.
Mono: successfully reloaded assembly
- Completed reload, in  0.829 seconds
Platform modules already initialized, skipping
Refreshing native plugins compatible for Editor in 0.19 ms, found 0 plugins.
Preloading 0 native plugins for Editor in 0.00 ms.
Unloading 1099 Unused Serialized files (Serialized files now loaded: 0)
System memory in use before: 60.3 MB.
System memory in use after: 60.4 MB.

Unloading 5 unused Assets to reduce memory usage. Loaded Objects now: 1587.
Total: 1.534200 ms (FindLiveObjects: 0.114000 ms CreateObjectMapping: 0.032300 ms MarkObjects: 1.313400 ms  DeleteObjects: 0.073400 ms)

========================================================================
Received Prepare
Registering precompiled user dll's ...
Registered in 0.000768 seconds.
Begin MonoManager ReloadAssembly
Native extension for WindowsStandalone target not found
Refreshing native plugins compatible for Editor in 0.21 ms, found 0 plugins.
Preloading 0 native plugins for Editor in 0.00 ms.
Invoked RoslynAnalysisRunner static constructor.
RoslynAnalysisRunner will not be running.
RoslynAnalysisRunner has terminated.
Mono: successfully reloaded assembly
- Completed reload, in  0.823 seconds
Platform modules already initialized, skipping
Refreshing native plugins compatible for Editor in 0.18 ms, found 0 plugins.
Preloading 0 native plugins for Editor in 0.00 ms.
Unloading 1099 Unused Serialized files (Serialized files now loaded: 0)
System memory in use before: 60.4 MB.
System memory in use after: 60.4 MB.

Unloading 5 unused Assets to reduce memory usage. Loaded Objects now: 1589.
Total: 1.545300 ms (FindLiveObjects: 0.118500 ms CreateObjectMapping: 0.029800 ms MarkObjects: 1.342900 ms  DeleteObjects: 0.052600 ms)

========================================================================
Received Import Request.
  Time since last request: 109.940821 seconds.
  path: Assets/Project Files/Scripts/MainPlayerControler.cs
  artifactKey: Guid(604322804223cb44387195d2f8ff1197) Importer(815301076,1909f56bfc062723c751e8b465ee728b)
Start importing Assets/Project Files/Scripts/MainPlayerControler.cs using Guid(604322804223cb44387195d2f8ff1197) Importer(815301076,1909f56bfc062723c751e8b465ee728b)  -> (artifact id: '2c634d9eaa01bf8929c7a2aab822ca41') in 0.003570 seconds
  Import took 0.049094 seconds .

========================================================================
Received Prepare
Registering precompiled user dll's ...
Registered in 0.000719 seconds.
Begin MonoManager ReloadAssembly
Native extension for WindowsStandalone target not found
Refreshing native plugins compatible for Editor in 0.19 ms, found 0 plugins.
Preloading 0 native plugins for Editor in 0.00 ms.
Invoked RoslynAnalysisRunner static constructor.
RoslynAnalysisRunner will not be running.
RoslynAnalysisRunner has terminated.
Mono: successfully reloaded assembly
- Completed reload, in  0.775 seconds
Platform modules already initialized, skipping
Refreshing native plugins compatible for Editor in 0.18 ms, found 0 plugins.
Preloading 0 native plugins for Editor in 0.00 ms.
Unloading 1099 Unused Serialized files (Serialized files now loaded: 0)
System memory in use before: 60.4 MB.
System memory in use after: 60.4 MB.

Unloading 5 unused Assets to reduce memory usage. Loaded Objects now: 1591.
Total: 1.547300 ms (FindLiveObjects: 0.116000 ms CreateObjectMapping: 0.029100 ms MarkObjects: 1.347300 ms  DeleteObjects: 0.053400 ms)

========================================================================
Received Prepare
Registering precompiled user dll's ...
Registered in 0.000667 seconds.
Begin MonoManager ReloadAssembly
Native extension for WindowsStandalone target not found
Refreshing native plugins compatible for Editor in 0.19 ms, found 0 plugins.
Preloading 0 native plugins for Editor in 0.00 ms.
Invoked RoslynAnalysisRunner static constructor.
RoslynAnalysisRunner will not be running.
RoslynAnalysisRunner has terminated.
Mono: successfully reloaded assembly
- Completed reload, in  0.817 seconds
Platform modules already initialized, skipping
Refreshing native plugins compatible for Editor in 0.27 ms, found 0 plugins.
Preloading 0 native plugins for Editor in 0.00 ms.
Unloading 1099 Unused Serialized files (Serialized files now loaded: 0)
System memory in use before: 60.4 MB.
System memory in use after: 60.4 MB.

Unloading 5 unused Assets to reduce memory usage. Loaded Objects now: 1593.
Total: 1.648300 ms (FindLiveObjects: 0.142700 ms CreateObjectMapping: 0.038200 ms MarkObjects: 1.412900 ms  DeleteObjects: 0.052900 ms)

========================================================================
Received Prepare
Registering precompiled user dll's ...
Registered in 0.001014 seconds.
Begin MonoManager ReloadAssembly
Native extension for WindowsStandalone target not found
Refreshing native plugins compatible for Editor in 0.23 ms, found 0 plugins.
Preloading 0 native plugins for Editor in 0.00 ms.
Invoked RoslynAnalysisRunner static constructor.
RoslynAnalysisRunner will not be running.
RoslynAnalysisRunner has terminated.
Mono: successfully reloaded assembly
- Completed reload, in  0.754 seconds
Platform modules already initialized, skipping
Refreshing native plugins compatible for Editor in 0.18 ms, found 0 plugins.
Preloading 0 native plugins for Editor in 0.00 ms.
Unloading 1099 Unused Serialized files (Serialized files now loaded: 0)
System memory in use before: 60.4 MB.
System memory in use after: 60.5 MB.

Unloading 5 unused Assets to reduce memory usage. Loaded Objects now: 1595.
Total: 1.521600 ms (FindLiveObjects: 0.113900 ms CreateObjectMapping: 0.029900 ms MarkObjects: 1.329600 ms  DeleteObjects: 0.046800 ms)

========================================================================
Received Prepare
Registering precompiled user dll's ...
Registered in 0.032021 seconds.
Begin MonoManager ReloadAssembly
Native extension for WindowsStandalone target not found
Refreshing native plugins compatible for Editor in 0.21 ms, found 0 plugins.
Preloading 0 native plugins for Editor in 0.00 ms.
Invoked RoslynAnalysisRunner static constructor.
RoslynAnalysisRunner will not be running.
RoslynAnalysisRunner has terminated.
Mono: successfully reloaded assembly
- Completed reload, in  1.015 seconds
Platform modules already initialized, skipping
Refreshing native plugins compatible for Editor in 0.19 ms, found 0 plugins.
Preloading 0 native plugins for Editor in 0.00 ms.
Unloading 1099 Unused Serialized files (Serialized files now loaded: 0)
System memory in use before: 60.4 MB.
System memory in use after: 60.5 MB.

Unloading 5 unused Assets to reduce memory usage. Loaded Objects now: 1597.
Total: 1.598600 ms (FindLiveObjects: 0.147100 ms CreateObjectMapping: 0.033700 ms MarkObjects: 1.363800 ms  DeleteObjects: 0.052800 ms)

AssetImportWorkerClient::OnTransportError - code=2 error=End of file
